;! output_format 5.3
; header 115718175758
; 
;                                   PrimePower 
; 
;                  Version R-2020.09 for linux64 - Aug 26, 2020 
; 
;                     Copyright (c) 1988 - 2020 Synopsys, Inc.
;    This software and the associated documentation are proprietary to Synopsys,
;  Inc. This software may only be used in accordance with the terms and conditions
;  of a written license agreement with Synopsys, Inc. All other use, reproduction,
;             or distribution of this software is strictly prohibited.
;

;
.time_resolution 1
.hier_separator /
.index Pc(loeffler_1d) 1 Pc
.index Pc(loeffler_1d/add_73) 2 Pc
.index Pc(loeffler_1d/add_74) 3 Pc
.index Pc(loeffler_1d/add_81) 4 Pc
.index Pc(loeffler_1d/add_83) 5 Pc
.index Pc(loeffler_1d/add_91) 6 Pc
.index Pc(loeffler_1d/add_94) 7 Pc
.index Pc(loeffler_1d/add_96) 8 Pc
.index Pc(loeffler_1d/add_98) 9 Pc
.index Pc(loeffler_1d/add_100) 10 Pc
.index Pc(loeffler_1d/add_111) 11 Pc
.index Pc(loeffler_1d/mult_69) 12 Pc
.index Pc(loeffler_1d/mult_70) 13 Pc
.index Pc(loeffler_1d/mult_71) 14 Pc
.index Pc(loeffler_1d/mult_72) 15 Pc
.index Pc(loeffler_1d/mult_73) 16 Pc
.index Pc(loeffler_1d/mult_74) 17 Pc
.index Pc(loeffler_1d/mult_89) 18 Pc
.index Pc(loeffler_1d/mult_90) 19 Pc
.index Pc(loeffler_1d/mult_91) 20 Pc
.index Pc(loeffler_1d/mult_113) 21 Pc
.index Pc(loeffler_1d/mult_114) 22 Pc
.index Pc(loeffler_1d/sub_101) 23 Pc
.index Pc(loeffler_1d/sub_112) 24 Pc
.index Pc(loeffler_1d/sub_56) 25 Pc
.index Pc(loeffler_1d/sub_58) 26 Pc
.index Pc(loeffler_1d/sub_60) 27 Pc
.index Pc(loeffler_1d/sub_62) 28 Pc
.index Pc(loeffler_1d/sub_82) 29 Pc
.index Pc(loeffler_1d/sub_84) 30 Pc
.index Pc(loeffler_1d/add_55) 31 Pc
.index Pc(loeffler_1d/add_57) 32 Pc
.index Pc(loeffler_1d/add_59) 33 Pc
.index Pc(loeffler_1d/sub_95) 34 Pc
.index Pc(loeffler_1d/sub_97) 35 Pc
.index Pc(loeffler_1d/sub_99) 36 Pc
.index Pc(loeffler_1d/add_61) 37 Pc
0
4  6.723e-08
35  7.381e-08
30  6.637e-08
5  6.447e-08
17  2.518e-07
16  1.298e-07
29  9.171e-08
20  1.447e-07
8  6.945e-08
37  1.824e-08
36  3.420e-08
34  2.763e-08
33  1.824e-08
32  1.824e-08
31  1.824e-08
28  2.211e-08
27  2.211e-08
26  2.211e-08
25  2.211e-08
24  3.420e-08
23  3.420e-08
22  1.018e-07
21  1.018e-07
19  8.714e-08
18  5.329e-08
15  9.592e-08
14  1.060e-07
13  1.022e-07
12  9.270e-08
11  2.903e-08
10  2.903e-08
9  2.903e-08
7  2.246e-08
6  8.006e-08
3  4.067e-08
2  6.505e-08
1  1.094e-03
10
1  2.621e-03
20
1  2.789e-03
30
1  2.182e-03
40
50
60
70
1  2.870e-03
80
1  2.385e-03
90
1  2.327e-03
100
1  2.371e-03
110
1  2.334e-03
120
1  2.349e-03
130
1  2.327e-03
140
1  2.363e-03
150
1  2.378e-03
160
1  2.385e-03
170
1  2.610e-03
180
1  2.536e-03
190
1  2.446e-03
200
1  2.559e-03
210
1  2.467e-03
220
1  2.488e-03
230
1  2.344e-03
240
1  2.526e-03
250
1  2.586e-03
260
1  2.775e-03
270
1  2.182e-03
280
1  2.182e-03
290
1  2.216e-03
300
1  2.182e-03
310
1  2.944e-03
320
1  2.927e-03
330
1  2.893e-03
340
1  2.695e-03
350
1  2.843e-03
360
1  2.679e-03
370
1  2.902e-03
380
1  3.006e-03
390
1  2.954e-03
400
1  2.927e-03
410
31  6.985e-06
25  1.481e-05
1  2.856e-03
420
31  1.812e-08
25  2.180e-08
26  2.106e-05
32  2.082e-05
1  2.758e-03
430
26  2.033e-08
32  1.774e-08
27  1.333e-05
33  1.251e-05
1  2.550e-03
440
27  2.132e-08
33  1.799e-08
28  1.775e-05
37  1.659e-05
1  2.753e-03
450
37  2.620e-05
28  3.237e-05
1  2.592e-03
460
37  1.795e-08
28  2.157e-08
33  5.133e-06
27  1.486e-05
1  2.621e-03
470
33  1.770e-08
27  2.147e-08
32  1.961e-05
26  1.728e-05
1  2.410e-03
480
32  1.753e-08
26  2.069e-08
31  2.620e-05
25  3.237e-05
1  2.753e-03
490
31  1.795e-08
25  2.186e-08
4  6.578e-05
17  4.155e-04
16  1.644e-04
29  1.341e-04
30  3.754e-05
5  8.581e-05
12  4.660e-05
14  1.561e-04
2  5.609e-05
15  7.218e-05
3  3.821e-05
13  1.344e-04
1  4.941e-03
500
4  7.289e-08
17  2.424e-07
16  1.311e-07
29  1.008e-07
30  6.433e-08
5  6.456e-08
12  9.159e-08
14  1.012e-07
2  6.484e-08
15  9.263e-08
3  3.928e-08
13  9.779e-08
20  1.172e-04
8  5.744e-05
35  4.579e-05
23  3.970e-05
10  1.044e-05
36  2.164e-05
9  3.267e-05
18  5.818e-05
34  1.898e-05
7  1.352e-05
6  2.921e-05
19  1.021e-04
1  3.815e-03
510
20  1.318e-07
8  7.173e-08
35  7.204e-08
23  3.384e-08
10  2.890e-08
36  3.323e-08
9  2.854e-08
18  5.329e-08
34  2.689e-08
7  2.182e-08
6  8.271e-08
19  8.377e-08
21  1.474e-04
22  1.153e-04
24  4.559e-05
11  3.135e-05
1  2.929e-03
520
21  9.549e-08
22  1.007e-07
24  3.314e-08
11  2.820e-08
1  2.646e-03
530
1  2.569e-03
540
1  2.182e-03
550
1  3.401e-03
560
1  2.706e-03
570
1  2.689e-03
580
1  2.784e-03
590
1  2.952e-03
600
1  2.864e-03
610
1  2.592e-03
620
1  3.000e-03
630
1  2.747e-03
640
1  2.706e-03
650
25  2.288e-05
31  2.056e-05
1  2.908e-03
660
25  2.121e-08
31  1.790e-08
1  2.610e-03
670
1  2.454e-03
680
28  2.591e-05
37  2.421e-05
1  2.727e-03
690
37  1.124e-05
28  1.978e-05
1  2.571e-03
700
37  1.774e-08
28  2.033e-08
33  3.158e-05
27  3.055e-05
1  2.670e-03
710
33  1.798e-08
27  2.151e-08
32  1.830e-05
26  1.568e-05
1  2.657e-03
720
32  1.711e-08
26  2.106e-08
31  3.555e-05
25  3.237e-05
1  2.727e-03
730
31  1.708e-08
25  2.085e-08
5  5.128e-05
4  7.310e-05
17  2.326e-04
16  1.249e-04
30  4.136e-05
29  9.884e-05
14  9.263e-05
12  9.294e-05
2  4.148e-05
15  8.863e-05
13  6.380e-05
3  3.588e-05
1  4.625e-03
740
5  6.665e-08
4  7.459e-08
17  2.469e-07
16  1.275e-07
30  6.654e-08
29  9.584e-08
14  1.009e-07
12  9.046e-08
2  6.456e-08
15  9.273e-08
13  9.967e-08
3  4.119e-08
20  1.211e-04
35  3.858e-05
8  8.277e-05
23  2.094e-05
10  2.431e-05
36  3.312e-05
9  2.085e-05
18  1.168e-04
19  9.084e-05
6  8.021e-05
34  4.987e-05
7  3.472e-05
1  4.000e-03
750
20  1.370e-07
35  7.017e-08
8  6.202e-08
23  3.318e-08
10  2.843e-08
36  3.257e-08
9  2.868e-08
18  4.760e-08
19  8.340e-08
6  7.689e-08
34  2.667e-08
7  2.229e-08
22  8.012e-05
21  1.009e-04
24  3.346e-05
11  3.481e-05
1  2.847e-03
760
22  1.018e-07
21  9.513e-08
24  3.259e-08
11  2.884e-08
1  2.726e-03
770
1  2.667e-03
780
1  2.182e-03
790
1  3.499e-03
800
1  2.795e-03
810
1  2.967e-03
820
1  2.587e-03
830
1  2.642e-03
840
1  3.014e-03
850
1  2.749e-03
860
1  3.084e-03
870
1  2.880e-03
880
1  2.795e-03
890
25  2.174e-05
31  1.635e-05
1  2.939e-03
900
25  2.078e-08
31  1.759e-08
26  9.346e-06
32  1.111e-05
1  2.643e-03
910
26  2.153e-08
32  1.712e-08
27  1.656e-05
33  1.241e-05
1  2.455e-03
920
27  2.089e-08
33  1.793e-08
28  8.799e-06
37  5.533e-06
1  2.731e-03
930
28  2.086e-08
37  1.800e-08
1  2.403e-03
940
33  1.248e-05
27  1.540e-05
1  2.636e-03
950
33  1.771e-08
27  2.112e-08
32  1.482e-05
26  3.996e-05
1  2.640e-03
960
32  1.792e-08
26  2.121e-08
31  2.383e-05
25  2.903e-05
1  2.750e-03
970
31  1.779e-08
25  2.059e-08
4  6.121e-05
17  2.739e-04
16  1.317e-04
29  2.030e-04
30  1.048e-04
5  6.836e-05
12  8.281e-05
14  1.428e-04
2  3.868e-05
15  6.835e-05
3  3.587e-05
13  8.379e-05
1  4.615e-03
980
4  7.373e-08
17  2.463e-07
16  1.276e-07
29  9.876e-08
30  6.802e-08
5  6.343e-08
12  8.996e-08
14  1.028e-07
2  6.490e-08
15  9.292e-08
3  4.084e-08
13  1.002e-07
20  1.226e-04
8  6.117e-05
35  7.906e-05
23  3.938e-05
10  3.272e-05
36  3.699e-05
9  3.700e-05
18  5.343e-05
19  1.613e-04
6  1.078e-04
34  2.850e-05
7  2.353e-05
1  4.127e-03
990
20  1.330e-07
8  6.415e-08
35  6.947e-08
23  3.064e-08
10  2.672e-08
36  3.295e-08
9  2.707e-08
18  4.728e-08
19  8.333e-08
6  8.043e-08
34  2.604e-08
7  2.172e-08
22  9.532e-05
21  6.736e-05
11  1.070e-05
24  2.485e-05
1  2.786e-03
1000
22  9.962e-08
21  9.408e-08
11  2.876e-08
24  3.302e-08
1  2.672e-03
1010
1  2.605e-03
1020
1  2.182e-03
1030
1  3.240e-03
1040
1  2.662e-03
1050
1  3.180e-03
1060
1  2.651e-03
1070
1  2.624e-03
1080
1  2.931e-03
1090
1  3.018e-03
1100
1  2.520e-03
1110
1  3.022e-03
1120
1  2.662e-03
1130
25  1.529e-05
31  1.603e-05
1  2.975e-03
1140
25  2.111e-08
31  1.790e-08
26  2.715e-06
32  1.639e-05
1  2.606e-03
1150
26  2.109e-08
32  1.756e-08
27  1.647e-05
33  1.432e-05
1  2.543e-03
1160
27  2.044e-08
33  1.728e-08
28  9.281e-06
37  8.318e-06
1  2.626e-03
1170
37  3.063e-05
28  8.636e-06
1  2.504e-03
1180
37  1.753e-08
28  2.097e-08
33  4.886e-06
27  9.035e-06
1  2.505e-03
1190
33  1.728e-08
27  2.044e-08
32  9.345e-06
26  2.052e-05
1  2.483e-03
1200
32  1.800e-08
26  2.084e-08
31  2.581e-05
25  3.464e-05
1  2.783e-03
1210
31  1.754e-08
25  2.054e-08
17  1.758e-04
4  1.536e-04
5  3.421e-05
16  9.323e-05
30  1.257e-04
29  6.963e-05
14  6.924e-05
13  5.303e-05
3  1.025e-05
12  1.753e-04
2  4.082e-05
15  9.717e-05
1  4.125e-03
1220
17  2.494e-07
4  7.378e-08
5  6.659e-08
16  1.232e-07
30  6.625e-08
29  1.013e-07
14  1.015e-07
13  1.006e-07
3  4.094e-08
12  8.877e-08
2  6.617e-08
15  9.470e-08
35  7.745e-05
20  1.324e-04
8  6.917e-05
23  1.829e-05
10  6.709e-06
36  6.424e-05
9  1.533e-05
19  5.551e-05
18  8.196e-05
6  1.816e-04
34  6.700e-05
7  2.487e-05
1  4.033e-03
1230
35  7.085e-08
20  1.427e-07
8  7.085e-08
23  3.092e-08
10  2.700e-08
36  3.247e-08
9  2.876e-08
19  8.331e-08
18  5.196e-08
6  8.239e-08
34  2.603e-08
7  2.197e-08
22  1.947e-04
21  6.874e-05
24  1.772e-05
11  2.364e-05
1  3.040e-03
1240
22  9.077e-08
21  9.376e-08
24  3.213e-08
11  2.901e-08
1  2.780e-03
1250
1  2.679e-03
1260
1  2.182e-03
1270
1  3.324e-03
1280
1  2.647e-03
1290
1  2.617e-03
1300
1  3.085e-03
1310
1  3.044e-03
1320
1  3.001e-03
1330
1  3.114e-03
1340
1  3.006e-03
1350
1  2.725e-03
1360
1  2.647e-03
1370
25  1.725e-05
31  1.628e-05
1  2.826e-03
1380
25  2.068e-08
31  1.728e-08
26  1.740e-05
32  1.868e-05
1  2.640e-03
1390
26  2.057e-08
32  1.817e-08
27  1.713e-05
33  1.244e-05
1  2.600e-03
1400
27  2.076e-08
33  1.705e-08
28  2.235e-05
37  1.113e-05
1  2.805e-03
1410
37  4.373e-06
28  1.141e-05
1  2.458e-03
1420
37  1.784e-08
28  2.113e-08
33  2.959e-05
27  1.147e-05
1  2.596e-03
1430
33  1.757e-08
27  2.037e-08
32  9.632e-06
26  3.210e-05
1  2.467e-03
1440
32  1.801e-08
26  2.096e-08
31  1.364e-05
25  4.495e-05
1  2.601e-03
1450
31  1.771e-08
25  2.102e-08
30  6.156e-05
4  2.081e-04
17  6.512e-04
16  1.874e-04
29  2.034e-04
5  1.037e-04
15  1.661e-04
12  1.206e-04
2  1.075e-04
14  2.125e-04
3  8.158e-05
13  2.481e-04
1  6.242e-03
1460
30  6.709e-08
4  6.727e-08
17  2.223e-07
16  1.314e-07
29  9.870e-08
5  6.598e-08
15  8.606e-08
12  9.039e-08
2  5.781e-08
14  1.019e-07
3  4.240e-08
13  9.018e-08
20  1.042e-04
35  8.121e-05
8  7.220e-05
23  6.390e-05
10  4.979e-05
36  2.417e-05
9  3.392e-05
19  7.194e-05
18  9.955e-05
6  9.383e-05
34  2.267e-05
7  2.385e-05
1  4.163e-03
1470
20  1.466e-07
35  7.441e-08
8  7.066e-08
23  3.314e-08
10  2.758e-08
36  2.995e-08
9  2.805e-08
19  8.350e-08
18  4.532e-08
6  7.796e-08
34  2.544e-08
7  2.202e-08
21  1.221e-04
24  3.224e-05
11  4.947e-05
1  2.968e-03
1480
21  1.009e-07
24  3.240e-08
11  2.546e-08
1  2.724e-03
1490
1  2.646e-03
1500
1  2.182e-03
1510
1  3.372e-03
1520
1  2.929e-03
1530
1  2.977e-03
1540
1  2.428e-03
1550
1  2.471e-03
1560
1  3.125e-03
1570
1  2.602e-03
1580
1  2.736e-03
1590
1  3.064e-03
1600
1  2.929e-03
1610
25  3.328e-05
31  1.155e-05
1  2.845e-03
1620
25  2.096e-08
31  1.801e-08
26  1.580e-05
32  1.705e-05
1  2.660e-03
1630
26  2.158e-08
32  1.801e-08
27  2.477e-05
33  2.080e-05
1  2.587e-03
1640
27  2.057e-08
33  1.817e-08
28  3.334e-05
37  1.620e-05
1  2.800e-03
1650
37  1.127e-05
28  2.000e-05
1  2.554e-03
1660
37  1.790e-08
28  2.111e-08
1  2.426e-03
1670
32  2.231e-05
26  3.244e-05
1  2.643e-03
1680
32  1.744e-08
26  2.163e-08
31  6.838e-06
25  5.134e-05
1  2.737e-03
1690
31  1.817e-08
25  2.057e-08
17  4.436e-04
4  1.941e-04
16  2.592e-04
30  5.425e-05
5  1.208e-04
29  1.814e-04
12  1.555e-04
14  2.320e-04
2  8.208e-05
15  1.027e-04
13  1.042e-04
3  6.698e-05
1  5.914e-03
1700
17  2.440e-07
4  7.321e-08
16  1.263e-07
30  6.347e-08
5  6.576e-08
29  1.015e-07
12  8.877e-08
14  1.019e-07
2  6.541e-08
15  9.592e-08
13  9.876e-08
3  4.179e-08
20  2.218e-04
35  1.040e-04
8  6.243e-05
23  7.805e-05
10  1.572e-05
36  3.920e-05
9  3.680e-05
18  3.685e-05
19  1.791e-04
6  1.723e-04
34  2.747e-05
7  1.477e-05
1  4.409e-03
1710
20  1.359e-07
35  7.334e-08
8  6.708e-08
23  2.958e-08
10  2.804e-08
36  3.224e-08
9  2.864e-08
18  4.771e-08
19  8.175e-08
6  7.591e-08
34  2.605e-08
7  2.207e-08
22  1.189e-04
21  1.988e-04
24  5.603e-05
11  4.790e-05
1  3.302e-03
1720
22  1.016e-07
21  8.995e-08
24  3.020e-08
11  2.704e-08
1  2.833e-03
1730
1  2.702e-03
1740
1  2.182e-03
1750
1  3.475e-03
1760
1  2.860e-03
1770
1  3.043e-03
1780
1  2.724e-03
1790
1  2.979e-03
1800
1  2.496e-03
1810
1  2.730e-03
1820
1  2.932e-03
1830
1  2.810e-03
1840
1  2.860e-03
1850
25  1.719e-05
31  2.009e-05
1  2.963e-03
1860
25  2.111e-08
31  1.790e-08
26  1.455e-05
32  1.576e-05
1  2.675e-03
1870
26  2.119e-08
32  1.694e-08
27  1.724e-05
33  2.009e-05
1  2.622e-03
1880
27  2.111e-08
33  1.790e-08
1  2.579e-03
1890
37  3.259e-05
28  2.140e-05
1  2.545e-03
1900
37  1.740e-08
28  2.076e-08
1  2.580e-03
1910
32  1.094e-05
26  3.797e-05
1  2.500e-03
1920
32  1.817e-08
26  2.057e-08
31  2.508e-05
25  2.655e-05
1  2.793e-03
1930
31  1.691e-08
25  2.138e-08
16  6.986e-05
17  1.696e-04
4  1.035e-04
30  8.216e-05
5  5.595e-05
29  1.558e-04
12  1.227e-04
14  1.460e-04
2  1.682e-05
15  1.042e-04
3  2.951e-05
13  5.089e-05
1  4.565e-03
1940
16  1.244e-07
17  2.485e-07
4  7.847e-08
30  6.656e-08
5  6.791e-08
29  1.000e-07
12  9.032e-08
14  1.011e-07
2  6.615e-08
15  9.273e-08
3  4.253e-08
13  1.006e-07
8  5.110e-05
20  1.016e-04
35  4.784e-05
23  1.742e-05
10  4.199e-05
36  4.722e-05
9  3.394e-05
6  3.064e-05
19  5.924e-05
34  2.496e-05
7  3.453e-05
1  3.644e-03
1950
8  6.531e-08
20  1.363e-07
35  7.180e-08
23  3.225e-08
10  2.825e-08
36  3.260e-08
9  2.708e-08
6  7.535e-08
19  8.167e-08
34  2.491e-08
7  2.184e-08
22  6.241e-05
21  9.399e-05
24  4.245e-05
11  1.506e-05
1  2.802e-03
1960
22  1.012e-07
21  8.824e-08
24  3.247e-08
11  2.850e-08
1  2.633e-03
1970
1  2.594e-03
1980
1  2.182e-03
1990
1  3.332e-03
2000
1  2.856e-03
2010
1  2.980e-03
2020
1  2.809e-03
2030
1  3.067e-03
2040
1  2.642e-03
2050
1  2.618e-03
2060
1  2.554e-03
2070
1  2.881e-03
2080
1  2.856e-03
2090
25  2.229e-05
31  1.670e-05
1  2.942e-03
2100
25  2.153e-08
31  1.766e-08
26  1.642e-05
32  2.065e-05
1  2.585e-03
2110
26  2.133e-08
32  1.823e-08
27  1.922e-05
33  2.210e-05
1  2.444e-03
2120
27  2.133e-08
33  1.823e-08
1  5.137e-06
2130
4  0.000e+00
35  0.000e+00
30  0.000e+00
5  0.000e+00
17  0.000e+00
16  0.000e+00
29  0.000e+00
20  0.000e+00
8  0.000e+00
37  0.000e+00
36  0.000e+00
34  0.000e+00
33  0.000e+00
32  0.000e+00
31  0.000e+00
28  0.000e+00
27  0.000e+00
26  0.000e+00
25  0.000e+00
24  0.000e+00
23  0.000e+00
22  0.000e+00
21  0.000e+00
19  0.000e+00
18  0.000e+00
15  0.000e+00
14  0.000e+00
13  0.000e+00
12  0.000e+00
11  0.000e+00
10  0.000e+00
9  0.000e+00
7  0.000e+00
6  0.000e+00
3  0.000e+00
2  0.000e+00
1  0.000e+00
; file closed at 2130ns
; trailer 819505344
