Information: Derived library resistance unit is 1.000000 Kohm (Time unit is 1 ns, and Capacitance unit is 1.000000 pF). (DES-028)
Error: Cannot find net 'i_rstn' in design 'loeffler_1d' (PARA-124)
Error: Cannot find net 'i_in[7]' in design 'loeffler_1d' (PARA-124)
Error: Cannot find net 'i_in[6]' in design 'loeffler_1d' (PARA-124)
Error: Cannot find net 'i_in[5]' in design 'loeffler_1d' (PARA-124)
Error: Cannot find net 'i_in[4]' in design 'loeffler_1d' (PARA-124)
Error: Cannot find net 'i_in[3]' in design 'loeffler_1d' (PARA-124)
Error: Cannot find net 'i_in[2]' in design 'loeffler_1d' (PARA-124)
Error: Cannot find net 'i_in[1]' in design 'loeffler_1d' (PARA-124)
Error: Cannot find net 'i_in[0]' in design 'loeffler_1d' (PARA-124)
Error: Cannot find net 'i_out[11]' in design 'loeffler_1d' (PARA-124)
Error: Cannot find net 'i_out[10]' in design 'loeffler_1d' (PARA-124)
Error: Cannot find net 'i_out[9]' in design 'loeffler_1d' (PARA-124)
Error: Cannot find net 'i_out[8]' in design 'loeffler_1d' (PARA-124)
Error: Cannot find net 'i_out[7]' in design 'loeffler_1d' (PARA-124)
Error: Cannot find net 'i_out[6]' in design 'loeffler_1d' (PARA-124)
Error: Cannot find net 'i_out[5]' in design 'loeffler_1d' (PARA-124)
Error: Cannot find net 'i_out[4]' in design 'loeffler_1d' (PARA-124)
Error: Cannot find net 'i_out[3]' in design 'loeffler_1d' (PARA-124)
Error: Cannot find net 'i_out[2]' in design 'loeffler_1d' (PARA-124)
Error: Cannot find net 'i_out[1]' in design 'loeffler_1d' (PARA-124)
Error: Cannot find net 'i_out[0]' in design 'loeffler_1d' (PARA-124)
Error: Cannot find net 'i_state[1]' in design 'loeffler_1d' (PARA-124)
Error: Cannot find net 'i_state[0]' in design 'loeffler_1d' (PARA-124)
Error: Cannot find net 'CORE/N26' in design 'loeffler_1d' (PARA-124)
Error: Cannot find net 'CORE/N27' in design 'loeffler_1d' (PARA-124)
Error: Cannot find net 'CORE/N28' in design 'loeffler_1d' (PARA-124)
Error: Cannot find net 'CORE/N29' in design 'loeffler_1d' (PARA-124)
Error: Cannot find net 'CORE/N30' in design 'loeffler_1d' (PARA-124)
Error: Cannot find net 'CORE/N31' in design 'loeffler_1d' (PARA-124)
Error: Cannot find net 'CORE/in_mem[63]' in design 'loeffler_1d' (PARA-124)
Error: Cannot find net 'CORE/in_mem[62]' in design 'loeffler_1d' (PARA-124)
Error: Cannot find net 'CORE/in_mem[61]' in design 'loeffler_1d' (PARA-124)
Error: Cannot find net 'CORE/in_mem[60]' in design 'loeffler_1d' (PARA-124)
Error: Cannot find net 'CORE/in_mem[59]' in design 'loeffler_1d' (PARA-124)
Error: Cannot find net 'CORE/in_mem[58]' in design 'loeffler_1d' (PARA-124)
Error: Cannot find net 'CORE/in_mem[57]' in design 'loeffler_1d' (PARA-124)
Error: Cannot find net 'CORE/in_mem[56]' in design 'loeffler_1d' (PARA-124)
Error: Cannot find net 'CORE/in_mem[55]' in design 'loeffler_1d' (PARA-124)
Error: Cannot find net 'CORE/in_mem[54]' in design 'loeffler_1d' (PARA-124)
Error: Cannot find net 'CORE/in_mem[53]' in design 'loeffler_1d' (PARA-124)
Error: Cannot find net 'CORE/in_mem[52]' in design 'loeffler_1d' (PARA-124)
Error: Cannot find net 'CORE/in_mem[51]' in design 'loeffler_1d' (PARA-124)
Error: Cannot find net 'CORE/in_mem[50]' in design 'loeffler_1d' (PARA-124)
Error: Cannot find net 'CORE/in_mem[49]' in design 'loeffler_1d' (PARA-124)
Error: Cannot find net 'CORE/in_mem[48]' in design 'loeffler_1d' (PARA-124)
Error: Cannot find net 'CORE/in_mem[47]' in design 'loeffler_1d' (PARA-124)
Error: Cannot find net 'CORE/in_mem[46]' in design 'loeffler_1d' (PARA-124)
Error: Cannot find net 'CORE/in_mem[45]' in design 'loeffler_1d' (PARA-124)
Error: Cannot find net 'CORE/in_mem[44]' in design 'loeffler_1d' (PARA-124)
Error: Cannot find net 'CORE/in_mem[43]' in design 'loeffler_1d' (PARA-124)
Error: Cannot find net 'CORE/in_mem[42]' in design 'loeffler_1d' (PARA-124)
Error: Cannot find net 'CORE/in_mem[41]' in design 'loeffler_1d' (PARA-124)
Error: Cannot find net 'CORE/in_mem[40]' in design 'loeffler_1d' (PARA-124)
Error: Cannot find net 'CORE/in_mem[39]' in design 'loeffler_1d' (PARA-124)
Error: Cannot find net 'CORE/in_mem[38]' in design 'loeffler_1d' (PARA-124)
Error: Cannot find net 'CORE/in_mem[37]' in design 'loeffler_1d' (PARA-124)
Error: Cannot find net 'CORE/in_mem[36]' in design 'loeffler_1d' (PARA-124)
Error: Cannot find net 'CORE/in_mem[35]' in design 'loeffler_1d' (PARA-124)
Error: Cannot find net 'CORE/in_mem[34]' in design 'loeffler_1d' (PARA-124)
Error: Cannot find net 'CORE/in_mem[33]' in design 'loeffler_1d' (PARA-124)
Error: Cannot find net 'CORE/in_mem[32]' in design 'loeffler_1d' (PARA-124)
Error: Cannot find net 'CORE/in_mem[31]' in design 'loeffler_1d' (PARA-124)
Error: Cannot find net 'CORE/in_mem[30]' in design 'loeffler_1d' (PARA-124)
Error: Cannot find net 'CORE/in_mem[29]' in design 'loeffler_1d' (PARA-124)
Error: Cannot find net 'CORE/in_mem[28]' in design 'loeffler_1d' (PARA-124)
Error: Cannot find net 'CORE/in_mem[27]' in design 'loeffler_1d' (PARA-124)
Error: Cannot find net 'CORE/in_mem[26]' in design 'loeffler_1d' (PARA-124)
Error: Cannot find net 'CORE/in_mem[25]' in design 'loeffler_1d' (PARA-124)
Error: Cannot find net 'CORE/in_mem[24]' in design 'loeffler_1d' (PARA-124)
Error: Cannot find net 'CORE/in_mem[23]' in design 'loeffler_1d' (PARA-124)
Error: Cannot find net 'CORE/in_mem[22]' in design 'loeffler_1d' (PARA-124)
Error: Cannot find net 'CORE/in_mem[21]' in design 'loeffler_1d' (PARA-124)
Error: Cannot find net 'CORE/in_mem[20]' in design 'loeffler_1d' (PARA-124)
Error: Cannot find net 'CORE/in_mem[19]' in design 'loeffler_1d' (PARA-124)
Error: Cannot find net 'CORE/in_mem[18]' in design 'loeffler_1d' (PARA-124)
Error: Cannot find net 'CORE/in_mem[17]' in design 'loeffler_1d' (PARA-124)
Error: Cannot find net 'CORE/in_mem[16]' in design 'loeffler_1d' (PARA-124)
Error: Cannot find net 'CORE/in_mem[15]' in design 'loeffler_1d' (PARA-124)
Error: Cannot find net 'CORE/in_mem[14]' in design 'loeffler_1d' (PARA-124)
Error: Cannot find net 'CORE/in_mem[13]' in design 'loeffler_1d' (PARA-124)
Error: Cannot find net 'CORE/in_mem[12]' in design 'loeffler_1d' (PARA-124)
Error: Cannot find net 'CORE/in_mem[11]' in design 'loeffler_1d' (PARA-124)
Error: Cannot find net 'CORE/in_mem[10]' in design 'loeffler_1d' (PARA-124)
Error: Cannot find net 'CORE/in_mem[9]' in design 'loeffler_1d' (PARA-124)
Error: Cannot find net 'CORE/in_mem[8]' in design 'loeffler_1d' (PARA-124)
Error: Cannot find net 'CORE/in_mem[7]' in design 'loeffler_1d' (PARA-124)
Error: Cannot find net 'CORE/in_mem[6]' in design 'loeffler_1d' (PARA-124)
Error: Cannot find net 'CORE/in_mem[5]' in design 'loeffler_1d' (PARA-124)
Error: Cannot find net 'CORE/in_mem[4]' in design 'loeffler_1d' (PARA-124)
Error: Cannot find net 'CORE/in_mem[3]' in design 'loeffler_1d' (PARA-124)
Error: Cannot find net 'CORE/in_mem[2]' in design 'loeffler_1d' (PARA-124)
Error: Cannot find net 'CORE/in_mem[1]' in design 'loeffler_1d' (PARA-124)
Error: Cannot find net 'CORE/in_mem[0]' in design 'loeffler_1d' (PARA-124)
Error: Cannot find net 'CORE/N48' in design 'loeffler_1d' (PARA-124)
Error: Cannot find net 'CORE/N49' in design 'loeffler_1d' (PARA-124)
Error: Cannot find net 'CORE/N50' in design 'loeffler_1d' (PARA-124)
Error: Cannot find net 'CORE/N51' in design 'loeffler_1d' (PARA-124)
Error: Cannot find net 'CORE/N52' in design 'loeffler_1d' (PARA-124)
Error: Cannot find net 'CORE/N53' in design 'loeffler_1d' (PARA-124)
Error: Cannot find net 'CORE/N54' in design 'loeffler_1d' (PARA-124)
Note - message 'PARA-124' default limit (100) exceeded.  Remainder will be suppressed.
Error: Could not resolve net 'i_rstn'.  (PARA-075)
Error: Could not resolve net 'i_in[7]'.  (PARA-075)
Error: Could not resolve net 'i_in[6]'.  (PARA-075)
Error: Could not resolve net 'i_in[5]'.  (PARA-075)
Error: Could not resolve net 'i_in[4]'.  (PARA-075)
Error: Could not resolve net 'i_in[3]'.  (PARA-075)
Error: Could not resolve net 'i_in[2]'.  (PARA-075)
Error: Could not resolve net 'i_in[1]'.  (PARA-075)
Error: Could not resolve net 'i_in[0]'.  (PARA-075)
Error: Could not resolve net 'i_out[11]'.  (PARA-075)
Error: Could not resolve net 'i_out[10]'.  (PARA-075)
Error: Could not resolve net 'i_out[9]'.  (PARA-075)
Error: Could not resolve net 'i_out[8]'.  (PARA-075)
Error: Could not resolve net 'i_out[7]'.  (PARA-075)
Error: Could not resolve net 'i_out[6]'.  (PARA-075)
Error: Could not resolve net 'i_out[5]'.  (PARA-075)
Error: Could not resolve net 'i_out[4]'.  (PARA-075)
Error: Could not resolve net 'i_out[3]'.  (PARA-075)
Error: Could not resolve net 'i_out[2]'.  (PARA-075)
Error: Could not resolve net 'i_out[1]'.  (PARA-075)
Error: Could not resolve net 'i_out[0]'.  (PARA-075)
Error: Could not resolve net 'i_state[1]'.  (PARA-075)
Error: Could not resolve net 'i_state[0]'.  (PARA-075)
Error: Pin 'U3/O' is not connected to net 'net5825'. (PARA-144)
Error: Could not resolve net 'n1'.  (PARA-075)
Error: Could not resolve net 'CORE/N26'.  (PARA-075)
Error: Could not resolve net 'CORE/N27'.  (PARA-075)
Error: Could not resolve net 'CORE/N28'.  (PARA-075)
Error: Could not resolve net 'CORE/N29'.  (PARA-075)
Error: Could not resolve net 'CORE/N30'.  (PARA-075)
Error: Could not resolve net 'CORE/N31'.  (PARA-075)
Error: Could not resolve net 'CORE/in_mem[63]'.  (PARA-075)
Error: Could not resolve net 'CORE/in_mem[62]'.  (PARA-075)
Error: Could not resolve net 'CORE/in_mem[61]'.  (PARA-075)
Error: Could not resolve net 'CORE/in_mem[60]'.  (PARA-075)
Error: Could not resolve net 'CORE/in_mem[59]'.  (PARA-075)
Error: Could not resolve net 'CORE/in_mem[58]'.  (PARA-075)
Error: Could not resolve net 'CORE/in_mem[57]'.  (PARA-075)
Error: Could not resolve net 'CORE/in_mem[56]'.  (PARA-075)
Error: Could not resolve net 'CORE/in_mem[55]'.  (PARA-075)
Error: Could not resolve net 'CORE/in_mem[54]'.  (PARA-075)
Error: Could not resolve net 'CORE/in_mem[53]'.  (PARA-075)
Error: Could not resolve net 'CORE/in_mem[52]'.  (PARA-075)
Error: Could not resolve net 'CORE/in_mem[51]'.  (PARA-075)
Error: Could not resolve net 'CORE/in_mem[50]'.  (PARA-075)
Error: Could not resolve net 'CORE/in_mem[49]'.  (PARA-075)
Error: Could not resolve net 'CORE/in_mem[48]'.  (PARA-075)
Error: Could not resolve net 'CORE/in_mem[47]'.  (PARA-075)
Error: Could not resolve net 'CORE/in_mem[46]'.  (PARA-075)
Error: Could not resolve net 'CORE/in_mem[45]'.  (PARA-075)
Error: Could not resolve net 'CORE/in_mem[44]'.  (PARA-075)
Error: Could not resolve net 'CORE/in_mem[43]'.  (PARA-075)
Error: Could not resolve net 'CORE/in_mem[42]'.  (PARA-075)
Error: Could not resolve net 'CORE/in_mem[41]'.  (PARA-075)
Error: Could not resolve net 'CORE/in_mem[40]'.  (PARA-075)
Error: Could not resolve net 'CORE/in_mem[39]'.  (PARA-075)
Error: Could not resolve net 'CORE/in_mem[38]'.  (PARA-075)
Error: Could not resolve net 'CORE/in_mem[37]'.  (PARA-075)
Error: Could not resolve net 'CORE/in_mem[36]'.  (PARA-075)
Error: Could not resolve net 'CORE/in_mem[35]'.  (PARA-075)
Error: Could not resolve net 'CORE/in_mem[34]'.  (PARA-075)
Error: Could not resolve net 'CORE/in_mem[33]'.  (PARA-075)
Error: Could not resolve net 'CORE/in_mem[32]'.  (PARA-075)
Error: Could not resolve net 'CORE/in_mem[31]'.  (PARA-075)
Error: Could not resolve net 'CORE/in_mem[30]'.  (PARA-075)
Error: Could not resolve net 'CORE/in_mem[29]'.  (PARA-075)
Error: Could not resolve net 'CORE/in_mem[28]'.  (PARA-075)
Error: Could not resolve net 'CORE/in_mem[27]'.  (PARA-075)
Error: Could not resolve net 'CORE/in_mem[26]'.  (PARA-075)
Error: Could not resolve net 'CORE/in_mem[25]'.  (PARA-075)
Error: Could not resolve net 'CORE/in_mem[24]'.  (PARA-075)
Error: Could not resolve net 'CORE/in_mem[23]'.  (PARA-075)
Error: Could not resolve net 'CORE/in_mem[22]'.  (PARA-075)
Error: Could not resolve net 'CORE/in_mem[21]'.  (PARA-075)
Error: Could not resolve net 'CORE/in_mem[20]'.  (PARA-075)
Error: Could not resolve net 'CORE/in_mem[19]'.  (PARA-075)
Error: Could not resolve net 'CORE/in_mem[18]'.  (PARA-075)
Error: Could not resolve net 'CORE/in_mem[17]'.  (PARA-075)
Error: Could not resolve net 'CORE/in_mem[16]'.  (PARA-075)
Error: Could not resolve net 'CORE/in_mem[15]'.  (PARA-075)
Error: Could not resolve net 'CORE/in_mem[14]'.  (PARA-075)
Error: Could not resolve net 'CORE/in_mem[13]'.  (PARA-075)
Error: Could not resolve net 'CORE/in_mem[12]'.  (PARA-075)
Error: Could not resolve net 'CORE/in_mem[11]'.  (PARA-075)
Error: Could not resolve net 'CORE/in_mem[10]'.  (PARA-075)
Error: Could not resolve net 'CORE/in_mem[9]'.  (PARA-075)
Error: Could not resolve net 'CORE/in_mem[8]'.  (PARA-075)
Error: Could not resolve net 'CORE/in_mem[7]'.  (PARA-075)
Error: Could not resolve net 'CORE/in_mem[6]'.  (PARA-075)
Error: Could not resolve net 'CORE/in_mem[5]'.  (PARA-075)
Error: Could not resolve net 'CORE/in_mem[4]'.  (PARA-075)
Error: Could not resolve net 'CORE/in_mem[3]'.  (PARA-075)
Error: Could not resolve net 'CORE/in_mem[2]'.  (PARA-075)
Error: Could not resolve net 'CORE/in_mem[1]'.  (PARA-075)
Error: Could not resolve net 'CORE/in_mem[0]'.  (PARA-075)
Error: Could not resolve net 'CORE/N48'.  (PARA-075)
Error: Could not resolve net 'CORE/N49'.  (PARA-075)
Error: Could not resolve net 'CORE/N50'.  (PARA-075)
Error: Could not resolve net 'CORE/N51'.  (PARA-075)
Error: Could not resolve net 'CORE/N52'.  (PARA-075)
Error: Could not resolve net 'CORE/N53'.  (PARA-075)
Note - message 'PARA-075' default limit (100) exceeded.  Remainder will be suppressed.

****************************************
Report : read_parasitics /home2/VLSI003/yourHomeWork/HW4/syn/mapped_18/CHIP_syn.spef
Design : loeffler_1d
Version: R-2020.09
Date   : Wed May 29 01:18:52 2024
****************************************

        6242 error(s)
        Format is SPEF
        Annotated nets                   :           25
        Annotated capacitances           :            0
        Annotated resistances            :            0
        Reduced coupling capacitances    :            0
        Annotated PI models              :           12
        Annotated Elmore delays          :            0

