;! output_format 5.3
; header 115718167485
; 
;                                   PrimePower 
; 
;                  Version R-2020.09 for linux64 - Aug 26, 2020 
; 
;                     Copyright (c) 1988 - 2020 Synopsys, Inc.
;    This software and the associated documentation are proprietary to Synopsys,
;  Inc. This software may only be used in accordance with the terms and conditions
;  of a written license agreement with Synopsys, Inc. All other use, reproduction,
;             or distribution of this software is strictly prohibited.
;

;
.time_resolution 1
.hier_separator /
.index Pc(loeffler_1d) 1 Pc
.index Pc(loeffler_1d/add_73) 2 Pc
.index Pc(loeffler_1d/add_74) 3 Pc
.index Pc(loeffler_1d/add_81) 4 Pc
.index Pc(loeffler_1d/add_83) 5 Pc
.index Pc(loeffler_1d/add_91) 6 Pc
.index Pc(loeffler_1d/add_94) 7 Pc
.index Pc(loeffler_1d/add_96) 8 Pc
.index Pc(loeffler_1d/add_98) 9 Pc
.index Pc(loeffler_1d/add_100) 10 Pc
.index Pc(loeffler_1d/add_111) 11 Pc
.index Pc(loeffler_1d/mult_69) 12 Pc
.index Pc(loeffler_1d/mult_70) 13 Pc
.index Pc(loeffler_1d/mult_71) 14 Pc
.index Pc(loeffler_1d/mult_72) 15 Pc
.index Pc(loeffler_1d/mult_73) 16 Pc
.index Pc(loeffler_1d/mult_74) 17 Pc
.index Pc(loeffler_1d/mult_89) 18 Pc
.index Pc(loeffler_1d/mult_90) 19 Pc
.index Pc(loeffler_1d/mult_91) 20 Pc
.index Pc(loeffler_1d/mult_113) 21 Pc
.index Pc(loeffler_1d/mult_114) 22 Pc
.index Pc(loeffler_1d/sub_101) 23 Pc
.index Pc(loeffler_1d/sub_112) 24 Pc
.index Pc(loeffler_1d/sub_56) 25 Pc
.index Pc(loeffler_1d/sub_58) 26 Pc
.index Pc(loeffler_1d/sub_60) 27 Pc
.index Pc(loeffler_1d/sub_62) 28 Pc
.index Pc(loeffler_1d/sub_82) 29 Pc
.index Pc(loeffler_1d/sub_84) 30 Pc
.index Pc(loeffler_1d/add_55) 31 Pc
.index Pc(loeffler_1d/add_57) 32 Pc
.index Pc(loeffler_1d/add_59) 33 Pc
.index Pc(loeffler_1d/sub_95) 34 Pc
.index Pc(loeffler_1d/sub_97) 35 Pc
.index Pc(loeffler_1d/sub_99) 36 Pc
.index Pc(loeffler_1d/add_61) 37 Pc
0
30  5.645e-09
4  4.570e-09
35  6.249e-09
5  6.250e-09
17  2.091e-08
16  1.280e-08
29  7.025e-09
20  1.510e-08
11  2.590e-09
8  5.910e-09
37  1.786e-09
36  3.234e-09
34  2.738e-09
33  2.723e-09
32  2.020e-09
31  1.449e-09
28  2.329e-09
27  2.095e-09
26  2.666e-09
25  1.963e-09
24  3.234e-09
23  3.600e-09
22  8.643e-09
21  8.480e-09
19  7.175e-09
18  4.790e-09
15  8.802e-09
14  1.025e-08
13  1.037e-08
12  7.953e-09
10  2.356e-09
9  2.824e-09
7  1.814e-09
6  6.360e-09
3  3.649e-09
2  5.324e-09
1  2.127e-03
10
1  4.976e-03
20
1  5.063e-03
30
1  4.253e-03
40
50
60
70
1  5.226e-03
80
1  4.581e-03
90
1  4.505e-03
100
1  4.569e-03
110
1  4.526e-03
120
1  4.553e-03
130
1  4.507e-03
140
1  4.552e-03
150
1  4.561e-03
160
1  4.581e-03
170
1  4.994e-03
180
1  4.871e-03
190
1  4.694e-03
200
1  4.901e-03
210
1  4.710e-03
220
1  4.764e-03
230
1  4.527e-03
240
1  4.842e-03
250
1  4.903e-03
260
1  5.041e-03
270
1  4.253e-03
280
1  4.253e-03
290
1  4.304e-03
300
1  4.253e-03
310
1  5.294e-03
320
1  5.263e-03
330
1  5.225e-03
340
1  4.991e-03
350
1  5.134e-03
360
1  4.957e-03
370
1  5.246e-03
380
1  5.369e-03
390
1  5.267e-03
400
1  5.263e-03
410
25  2.457e-05
31  9.424e-06
1  5.562e-03
420
25  1.943e-09
31  1.450e-09
26  4.453e-05
32  4.350e-05
1  5.252e-03
430
26  2.440e-09
32  2.153e-09
27  1.892e-05
33  3.180e-05
1  4.847e-03
440
27  2.031e-09
33  2.854e-09
28  2.972e-05
37  3.207e-05
1  5.240e-03
450
37  4.079e-05
28  4.774e-05
1  4.915e-03
460
37  1.817e-09
28  2.281e-09
33  1.151e-05
27  2.620e-05
1  5.009e-03
470
33  2.889e-09
27  2.052e-09
32  3.533e-05
26  3.213e-05
1  4.664e-03
480
32  1.973e-09
26  2.585e-09
31  3.525e-05
25  4.896e-05
1  5.218e-03
490
31  1.480e-09
25  1.899e-09
4  8.916e-05
17  5.336e-04
5  1.161e-04
16  2.926e-04
29  1.997e-04
30  5.022e-05
14  2.199e-04
2  8.000e-05
15  1.141e-04
13  1.898e-04
3  5.522e-05
12  6.618e-05
1  8.447e-03
500
4  4.876e-09
17  2.044e-08
5  6.090e-09
16  1.344e-08
29  7.104e-09
30  5.192e-09
14  9.942e-09
2  5.283e-09
15  8.650e-09
13  1.015e-08
3  3.391e-09
12  7.983e-09
20  2.947e-04
8  9.020e-05
35  6.714e-05
34  2.975e-05
7  1.806e-05
18  7.188e-05
6  2.605e-05
19  1.243e-04
10  1.403e-05
23  5.449e-05
36  3.363e-05
9  4.354e-05
1  6.684e-03
510
20  1.474e-08
8  6.322e-09
35  5.816e-09
34  2.633e-09
7  1.810e-09
18  4.790e-09
6  6.801e-09
19  7.012e-09
10  2.387e-09
23  3.576e-09
36  3.100e-09
9  2.899e-09
21  1.885e-04
22  1.432e-04
11  4.405e-05
24  6.551e-05
1  5.259e-03
520
21  8.059e-09
22  8.643e-09
11  2.626e-09
24  3.045e-09
1  4.855e-03
530
1  4.804e-03
540
1  4.253e-03
550
1  5.986e-03
560
1  5.007e-03
570
1  4.979e-03
580
1  5.106e-03
590
1  5.287e-03
600
1  5.183e-03
610
1  4.852e-03
620
1  5.359e-03
630
1  5.035e-03
640
1  5.007e-03
650
25  3.123e-05
31  2.735e-05
1  5.624e-03
660
25  1.852e-09
31  1.481e-09
1  4.957e-03
670
1  4.694e-03
680
28  3.502e-05
37  4.017e-05
1  5.196e-03
690
37  1.510e-05
28  3.134e-05
1  4.881e-03
700
37  1.866e-09
28  2.109e-09
33  6.520e-05
27  4.296e-05
1  5.063e-03
710
33  2.770e-09
27  2.000e-09
32  3.015e-05
26  2.256e-05
1  5.039e-03
720
32  1.922e-09
26  2.587e-09
31  4.718e-05
25  5.014e-05
1  5.160e-03
730
31  1.404e-09
25  1.812e-09
5  7.339e-05
4  9.349e-05
17  3.171e-04
16  2.124e-04
30  5.187e-05
29  1.478e-04
14  1.216e-04
2  5.653e-05
15  1.318e-04
13  9.119e-05
12  1.208e-04
3  4.666e-05
1  7.879e-03
740
5  6.495e-09
4  4.754e-09
17  2.081e-08
16  1.284e-08
30  5.331e-09
29  6.710e-09
14  9.911e-09
2  5.282e-09
15  8.591e-09
13  1.059e-08
12  7.944e-09
3  3.648e-09
8  1.337e-04
35  5.221e-05
20  3.108e-04
34  6.602e-05
7  4.648e-05
18  1.448e-04
19  1.131e-04
10  3.248e-05
23  2.668e-05
36  4.303e-05
9  3.288e-05
6  1.029e-04
1  6.928e-03
750
8  5.078e-09
35  5.641e-09
20  1.518e-08
34  2.747e-09
7  1.836e-09
18  4.390e-09
19  6.934e-09
10  2.313e-09
23  3.487e-09
36  3.098e-09
9  2.816e-09
6  5.902e-09
21  1.264e-04
22  1.007e-04
11  4.604e-05
24  4.485e-05
1  5.155e-03
760
21  8.078e-09
22  8.793e-09
11  2.657e-09
24  3.132e-09
1  4.962e-03
770
1  4.947e-03
780
1  4.253e-03
790
1  5.873e-03
800
1  5.115e-03
810
1  5.322e-03
820
1  4.868e-03
830
1  4.923e-03
840
1  5.356e-03
850
1  5.047e-03
860
1  5.466e-03
870
1  5.178e-03
880
1  5.115e-03
890
31  2.235e-05
25  3.581e-05
1  5.661e-03
900
31  1.462e-09
25  1.769e-09
26  1.406e-05
32  2.177e-05
1  5.019e-03
910
26  2.560e-09
32  2.082e-09
27  2.211e-05
33  2.494e-05
1  4.705e-03
920
27  1.924e-09
33  2.797e-09
28  1.362e-05
37  1.273e-05
1  5.188e-03
930
28  2.195e-09
37  1.799e-09
1  4.624e-03
940
33  2.113e-05
27  2.467e-05
1  5.003e-03
950
33  2.713e-09
27  2.007e-09
32  2.475e-05
26  6.471e-05
1  4.968e-03
960
32  2.127e-09
26  2.446e-09
31  3.106e-05
25  4.345e-05
1  5.175e-03
970
31  1.448e-09
25  1.780e-09
5  9.805e-05
4  7.807e-05
17  3.556e-04
30  1.288e-04
16  2.199e-04
29  2.935e-04
14  1.970e-04
2  5.510e-05
15  1.036e-04
13  1.171e-04
3  4.863e-05
12  1.104e-04
1  7.829e-03
980
5  5.900e-09
4  4.743e-09
17  2.072e-08
30  5.568e-09
16  1.274e-08
29  6.982e-09
14  1.040e-08
2  5.272e-09
15  8.743e-09
13  1.038e-08
3  3.571e-09
12  7.943e-09
8  8.597e-05
35  1.254e-04
20  3.678e-04
34  3.646e-05
7  3.099e-05
18  6.814e-05
23  5.463e-05
10  4.187e-05
36  4.756e-05
9  5.332e-05
19  2.084e-04
6  1.396e-04
1  7.158e-03
990
8  5.289e-09
35  5.625e-09
20  1.501e-08
34  2.684e-09
7  1.812e-09
18  4.255e-09
23  3.149e-09
10  2.256e-09
36  2.936e-09
9  2.717e-09
19  7.081e-09
6  6.401e-09
21  8.435e-05
22  1.229e-04
11  1.443e-05
24  3.220e-05
1  5.055e-03
1000
21  7.996e-09
22  8.524e-09
11  2.658e-09
24  3.140e-09
1  4.892e-03
1010
1  4.849e-03
1020
1  4.253e-03
1030
1  5.665e-03
1040
1  4.954e-03
1050
1  5.576e-03
1060
1  4.937e-03
1070
1  4.902e-03
1080
1  5.294e-03
1090
1  5.371e-03
1100
1  4.783e-03
1110
1  5.355e-03
1120
1  4.954e-03
1130
31  2.125e-05
25  2.360e-05
1  5.712e-03
1140
31  1.487e-09
25  1.823e-09
26  3.690e-06
32  2.863e-05
1  4.968e-03
1150
26  2.447e-09
32  2.026e-09
27  2.208e-05
33  2.197e-05
1  4.832e-03
1160
27  1.840e-09
33  2.668e-09
28  1.289e-05
37  1.658e-05
1  5.030e-03
1170
37  4.389e-05
28  1.162e-05
1  4.763e-03
1180
37  1.767e-09
28  2.136e-09
33  1.203e-05
27  1.752e-05
1  4.819e-03
1190
33  2.659e-09
27  1.850e-09
32  2.317e-05
26  2.902e-05
1  4.755e-03
1200
32  2.114e-09
26  2.452e-09
31  3.343e-05
25  5.200e-05
1  5.247e-03
1210
31  1.405e-09
25  1.813e-09
17  2.258e-04
5  5.140e-05
4  1.992e-04
16  2.393e-04
14  9.413e-05
30  1.631e-04
29  9.113e-05
2  5.388e-05
15  1.433e-04
13  8.700e-05
3  1.343e-05
12  2.340e-04
1  7.195e-03
1220
17  2.104e-08
5  6.381e-09
4  5.018e-09
16  1.247e-08
14  1.011e-08
30  5.297e-09
29  7.027e-09
2  5.519e-09
15  8.779e-09
13  1.048e-08
3  3.644e-09
12  7.792e-09
35  1.214e-04
8  9.699e-05
20  4.031e-04
23  2.377e-05
10  8.625e-06
34  8.808e-05
7  3.252e-05
18  1.069e-04
19  7.243e-05
36  9.120e-05
9  2.480e-05
6  2.508e-04
1  7.081e-03
1230
35  5.815e-09
8  6.006e-09
20  1.583e-08
23  3.137e-09
10  2.289e-09
34  2.545e-09
7  1.839e-09
18  4.840e-09
19  7.082e-09
36  3.203e-09
9  2.823e-09
6  6.438e-09
21  8.497e-05
22  2.409e-04
11  3.518e-05
24  2.301e-05
1  5.404e-03
1240
21  7.837e-09
22  7.739e-09
11  2.555e-09
24  3.130e-09
1  5.029e-03
1250
1  4.945e-03
1260
1  4.253e-03
1270
1  5.856e-03
1280
1  4.886e-03
1290
1  4.891e-03
1300
1  5.477e-03
1310
1  5.427e-03
1320
1  5.395e-03
1330
1  5.503e-03
1340
1  5.370e-03
1350
1  4.975e-03
1360
1  4.886e-03
1370
25  2.437e-05
31  2.170e-05
1  5.499e-03
1380
25  1.809e-09
31  1.402e-09
26  2.902e-05
32  3.505e-05
1  5.033e-03
1390
26  2.426e-09
32  2.072e-09
27  3.104e-05
33  3.005e-05
1  4.961e-03
1400
27  1.904e-09
33  2.556e-09
28  3.335e-05
37  2.188e-05
1  5.306e-03
1410
37  5.825e-06
28  2.047e-05
1  4.704e-03
1420
37  1.838e-09
28  2.196e-09
33  5.632e-05
27  2.120e-05
1  4.951e-03
1430
33  3.009e-09
27  1.803e-09
32  2.106e-05
26  5.195e-05
1  4.744e-03
1440
32  2.020e-09
26  2.694e-09
31  1.830e-05
25  6.632e-05
1  4.979e-03
1450
31  1.438e-09
25  1.831e-09
30  7.915e-05
5  1.665e-04
16  3.898e-04
4  2.715e-04
17  8.356e-04
29  2.939e-04
15  2.117e-04
14  2.978e-04
2  1.546e-04
13  3.428e-04
12  1.645e-04
3  9.362e-05
1  1.025e-02
1460
30  5.262e-09
5  6.283e-09
16  1.364e-08
4  4.279e-09
17  1.834e-08
29  6.608e-09
15  8.055e-09
14  9.826e-09
2  4.666e-09
13  9.293e-09
12  8.039e-09
3  3.702e-09
20  2.614e-04
8  1.139e-04
35  1.118e-04
34  2.911e-05
7  3.159e-05
19  9.277e-05
18  1.288e-04
10  6.615e-05
23  9.090e-05
36  3.218e-05
9  4.989e-05
6  1.286e-04
1  7.107e-03
1470
20  1.600e-08
8  5.870e-09
35  6.222e-09
34  2.496e-09
7  1.829e-09
19  7.047e-09
18  3.988e-09
10  2.313e-09
23  3.387e-09
36  2.780e-09
9  2.901e-09
6  5.795e-09
21  1.539e-04
24  4.555e-05
11  6.523e-05
1  5.331e-03
1480
21  8.552e-09
24  3.028e-09
11  2.272e-09
1  4.963e-03
1490
1  4.900e-03
1500
1  4.253e-03
1510
1  5.849e-03
1520
1  5.286e-03
1530
1  5.288e-03
1540
1  4.626e-03
1550
1  4.731e-03
1560
1  5.533e-03
1570
1  4.878e-03
1580
1  5.048e-03
1590
1  5.436e-03
1600
1  5.286e-03
1610
31  1.561e-05
25  4.897e-05
1  5.510e-03
1620
31  1.447e-09
25  1.824e-09
26  2.366e-05
32  2.824e-05
1  5.055e-03
1630
26  2.711e-09
32  2.156e-09
27  3.396e-05
33  4.629e-05
1  4.928e-03
1640
27  1.885e-09
33  2.797e-09
28  5.127e-05
37  3.071e-05
1  5.290e-03
1650
37  1.817e-05
28  3.190e-05
1  4.879e-03
1660
37  1.888e-09
28  2.211e-09
1  4.675e-03
1670
32  3.496e-05
26  5.487e-05
1  5.028e-03
1680
32  2.060e-09
26  2.443e-09
31  9.185e-06
25  6.922e-05
1  5.202e-03
1690
31  1.449e-09
25  1.814e-09
17  5.917e-04
5  1.915e-04
4  2.496e-04
16  5.206e-04
30  7.619e-05
29  2.641e-04
15  1.406e-04
14  3.237e-04
2  1.224e-04
13  1.428e-04
12  2.080e-04
3  8.646e-05
1  9.925e-03
1700
17  2.040e-08
5  6.173e-09
4  4.762e-09
16  1.274e-08
30  5.091e-09
29  6.927e-09
15  8.784e-09
14  1.016e-08
2  5.351e-09
13  1.024e-08
12  7.792e-09
3  3.710e-09
8  1.010e-04
35  1.441e-04
20  4.767e-04
34  3.558e-05
7  1.918e-05
18  4.287e-05
10  2.123e-05
23  1.076e-04
36  5.634e-05
9  5.775e-05
19  2.275e-04
6  2.377e-04
1  7.598e-03
1710
8  5.629e-09
35  5.936e-09
20  1.499e-08
34  2.598e-09
7  1.815e-09
18  4.485e-09
10  2.389e-09
23  3.026e-09
36  3.053e-09
9  2.863e-09
19  6.781e-09
6  5.780e-09
21  2.514e-04
22  1.416e-04
11  6.369e-05
24  7.604e-05
1  5.757e-03
1720
21  7.580e-09
22  8.709e-09
11  2.465e-09
24  2.775e-09
1  5.100e-03
1730
1  4.980e-03
1740
1  4.253e-03
1750
1  5.948e-03
1760
1  5.186e-03
1770
1  5.414e-03
1780
1  5.041e-03
1790
1  5.303e-03
1800
1  4.728e-03
1810
1  5.024e-03
1820
1  5.281e-03
1830
1  5.090e-03
1840
1  5.186e-03
1850
31  2.671e-05
25  2.607e-05
1  5.685e-03
1860
31  1.487e-09
25  1.823e-09
26  2.746e-05
32  2.766e-05
1  5.092e-03
1870
26  2.464e-09
32  1.881e-09
27  2.410e-05
33  3.586e-05
1  4.977e-03
1880
27  1.936e-09
33  2.870e-09
1  4.932e-03
1890
37  5.356e-05
28  2.788e-05
1  4.848e-03
1900
37  1.758e-09
28  2.171e-09
1  4.906e-03
1910
32  2.062e-05
26  5.299e-05
1  4.775e-03
1920
32  2.072e-09
26  2.426e-09
31  3.229e-05
25  3.600e-05
1  5.277e-03
1930
31  1.394e-09
25  1.761e-09
17  2.223e-04
5  8.430e-05
16  1.018e-04
4  1.445e-04
30  9.282e-05
29  2.332e-04
14  2.068e-04
15  1.442e-04
2  2.968e-05
13  7.498e-05
12  1.620e-04
3  4.305e-05
1  7.837e-03
1940
17  2.090e-08
5  6.589e-09
16  1.260e-08
4  4.981e-09
30  5.524e-09
29  6.751e-09
14  1.000e-08
15  8.591e-09
2  5.516e-09
13  1.048e-08
12  7.880e-09
3  3.652e-09
8  6.434e-05
20  2.285e-04
35  6.505e-05
34  3.265e-05
7  4.574e-05
6  3.676e-05
19  7.219e-05
23  2.527e-05
10  5.541e-05
36  6.615e-05
9  4.475e-05
1  6.334e-03
1950
8  5.495e-09
20  1.518e-08
35  5.816e-09
34  2.440e-09
7  1.807e-09
6  5.719e-09
19  6.797e-09
23  3.592e-09
10  2.312e-09
36  2.894e-09
9  2.746e-09
21  1.166e-04
22  8.311e-05
11  1.751e-05
24  6.191e-05
1  5.105e-03
1960
21  7.222e-09
22  8.844e-09
11  2.554e-09
24  3.024e-09
1  4.842e-03
1970
1  4.838e-03
1980
1  4.253e-03
1990
1  5.776e-03
2000
1  5.186e-03
2010
1  5.346e-03
2020
1  5.153e-03
2030
1  5.415e-03
2040
1  4.900e-03
2050
1  4.856e-03
2060
1  4.794e-03
2070
1  5.172e-03
2080
1  5.186e-03
2090
25  3.170e-05
31  2.240e-05
1  5.669e-03
2100
25  1.778e-09
31  1.473e-09
26  2.630e-05
32  3.018e-05
1  4.938e-03
2110
26  2.628e-09
32  2.050e-09
27  2.804e-05
33  3.601e-05
1  4.693e-03
2120
27  2.058e-09
33  2.791e-09
1  4.187e-07
2130
30  0.000e+00
4  0.000e+00
35  0.000e+00
5  0.000e+00
17  0.000e+00
16  0.000e+00
29  0.000e+00
20  0.000e+00
11  0.000e+00
8  0.000e+00
37  0.000e+00
36  0.000e+00
34  0.000e+00
33  0.000e+00
32  0.000e+00
31  0.000e+00
28  0.000e+00
27  0.000e+00
26  0.000e+00
25  0.000e+00
24  0.000e+00
23  0.000e+00
22  0.000e+00
21  0.000e+00
19  0.000e+00
18  0.000e+00
15  0.000e+00
14  0.000e+00
13  0.000e+00
12  0.000e+00
10  0.000e+00
9  0.000e+00
7  0.000e+00
6  0.000e+00
3  0.000e+00
2  0.000e+00
1  7.806e-18
; file closed at 2130ns
; trailer 819505344
