;! output_format 5.3
; header 115718175758
; 
;                                   PrimePower 
; 
;                  Version R-2020.09 for linux64 - Aug 26, 2020 
; 
;                     Copyright (c) 1988 - 2020 Synopsys, Inc.
;    This software and the associated documentation are proprietary to Synopsys,
;  Inc. This software may only be used in accordance with the terms and conditions
;  of a written license agreement with Synopsys, Inc. All other use, reproduction,
;             or distribution of this software is strictly prohibited.
;

;
.time_resolution 1
.hier_separator /
.index Pc(loeffler_1d) 1 Pc
.index Pc(loeffler_1d/add_73) 2 Pc
.index Pc(loeffler_1d/add_74) 3 Pc
.index Pc(loeffler_1d/add_81) 4 Pc
.index Pc(loeffler_1d/add_83) 5 Pc
.index Pc(loeffler_1d/add_91) 6 Pc
.index Pc(loeffler_1d/add_94) 7 Pc
.index Pc(loeffler_1d/add_96) 8 Pc
.index Pc(loeffler_1d/add_98) 9 Pc
.index Pc(loeffler_1d/add_100) 10 Pc
.index Pc(loeffler_1d/add_111) 11 Pc
.index Pc(loeffler_1d/mult_69) 12 Pc
.index Pc(loeffler_1d/mult_70) 13 Pc
.index Pc(loeffler_1d/mult_71) 14 Pc
.index Pc(loeffler_1d/mult_72) 15 Pc
.index Pc(loeffler_1d/mult_73) 16 Pc
.index Pc(loeffler_1d/mult_74) 17 Pc
.index Pc(loeffler_1d/mult_89) 18 Pc
.index Pc(loeffler_1d/mult_90) 19 Pc
.index Pc(loeffler_1d/mult_91) 20 Pc
.index Pc(loeffler_1d/mult_113) 21 Pc
.index Pc(loeffler_1d/mult_114) 22 Pc
.index Pc(loeffler_1d/sub_101) 23 Pc
.index Pc(loeffler_1d/sub_112) 24 Pc
.index Pc(loeffler_1d/sub_56) 25 Pc
.index Pc(loeffler_1d/sub_58) 26 Pc
.index Pc(loeffler_1d/sub_60) 27 Pc
.index Pc(loeffler_1d/sub_62) 28 Pc
.index Pc(loeffler_1d/sub_82) 29 Pc
.index Pc(loeffler_1d/sub_84) 30 Pc
.index Pc(loeffler_1d/add_55) 31 Pc
.index Pc(loeffler_1d/add_57) 32 Pc
.index Pc(loeffler_1d/add_59) 33 Pc
.index Pc(loeffler_1d/sub_95) 34 Pc
.index Pc(loeffler_1d/sub_97) 35 Pc
.index Pc(loeffler_1d/sub_99) 36 Pc
.index Pc(loeffler_1d/add_61) 37 Pc
0
30  7.275e-08
4  7.243e-08
35  8.069e-08
5  8.440e-08
17  2.616e-07
16  1.714e-07
29  1.071e-07
20  2.062e-07
11  3.199e-08
8  7.539e-08
37  2.309e-08
36  3.912e-08
34  3.266e-08
33  3.490e-08
32  2.604e-08
31  1.824e-08
28  2.801e-08
27  2.506e-08
26  3.292e-08
25  2.407e-08
24  3.912e-08
23  4.306e-08
22  1.048e-07
21  1.029e-07
19  8.721e-08
18  5.770e-08
15  1.044e-07
14  1.240e-07
13  1.228e-07
12  9.582e-08
10  2.903e-08
9  3.494e-08
7  2.246e-08
6  8.097e-08
3  4.639e-08
2  6.723e-08
1  1.166e-03
10
1  2.789e-03
20
1  2.865e-03
30
1  2.327e-03
40
50
60
70
1  2.988e-03
80
1  2.558e-03
90
1  2.498e-03
100
1  2.543e-03
110
1  2.520e-03
120
1  2.536e-03
130
1  2.500e-03
140
1  2.531e-03
150
1  2.546e-03
160
1  2.558e-03
170
1  2.813e-03
180
1  2.723e-03
190
1  2.613e-03
200
1  2.758e-03
210
1  2.634e-03
220
1  2.659e-03
230
1  2.507e-03
240
1  2.723e-03
250
1  2.752e-03
260
1  2.851e-03
270
1  2.327e-03
280
1  2.327e-03
290
1  2.365e-03
300
1  2.327e-03
310
1  3.061e-03
320
1  3.109e-03
330
1  3.079e-03
340
1  2.886e-03
350
1  3.015e-03
360
1  2.861e-03
370
1  3.096e-03
380
1  3.192e-03
390
1  3.121e-03
400
1  3.109e-03
410
25  1.870e-05
31  6.997e-06
1  3.238e-03
420
25  2.370e-08
31  1.812e-08
26  3.361e-05
32  3.298e-05
1  2.998e-03
430
26  3.051e-08
32  2.642e-08
27  1.393e-05
33  2.443e-05
1  2.737e-03
440
27  2.427e-08
33  3.553e-08
28  2.267e-05
37  2.440e-05
1  2.986e-03
450
37  3.058e-05
28  3.715e-05
1  2.784e-03
460
37  2.287e-08
28  2.780e-08
33  8.618e-06
27  2.007e-05
1  2.824e-03
470
33  3.552e-08
27  2.466e-08
32  2.737e-05
26  2.462e-05
1  2.608e-03
480
32  2.541e-08
26  3.158e-08
31  2.620e-05
25  3.807e-05
1  2.979e-03
490
31  1.795e-08
25  2.382e-08
4  6.999e-05
17  4.169e-04
5  9.254e-05
16  2.280e-04
29  1.595e-04
30  3.969e-05
14  1.721e-04
2  6.190e-05
15  8.893e-05
13  1.494e-04
3  4.219e-05
12  5.210e-05
1  5.362e-03
500
4  7.719e-08
17  2.516e-07
5  8.407e-08
16  1.807e-07
29  1.171e-07
30  7.051e-08
14  1.204e-07
2  6.721e-08
15  1.008e-07
13  1.189e-07
3  4.408e-08
12  9.495e-08
20  2.301e-04
8  7.208e-05
35  5.297e-05
34  2.287e-05
7  1.352e-05
18  5.617e-05
6  2.023e-05
19  9.801e-05
10  1.045e-05
23  4.188e-05
36  2.553e-05
9  3.274e-05
1  4.095e-03
510
20  2.092e-07
8  7.767e-08
35  7.899e-08
34  3.201e-08
7  2.182e-08
18  5.770e-08
6  8.385e-08
19  8.424e-08
10  2.890e-08
23  4.302e-08
36  3.825e-08
9  3.488e-08
21  1.506e-04
22  1.140e-04
11  3.372e-05
24  5.106e-05
1  3.093e-03
520
21  9.637e-08
22  1.039e-07
11  3.143e-08
24  3.772e-08
1  2.790e-03
530
1  2.733e-03
540
1  2.327e-03
550
1  3.609e-03
560
1  2.900e-03
570
1  2.878e-03
580
1  2.979e-03
590
1  3.137e-03
600
1  3.048e-03
610
1  2.777e-03
620
1  3.184e-03
630
1  2.929e-03
640
1  2.900e-03
650
25  2.369e-05
31  2.051e-05
1  3.300e-03
660
25  2.317e-08
31  1.790e-08
1  2.798e-03
670
1  2.628e-03
680
28  2.686e-05
37  3.060e-05
1  2.971e-03
690
37  1.124e-05
28  2.441e-05
1  2.760e-03
700
37  2.315e-08
28  2.609e-08
33  4.987e-05
27  3.273e-05
1  2.877e-03
710
33  3.534e-08
27  2.447e-08
32  2.243e-05
26  1.709e-05
1  2.856e-03
720
32  2.458e-08
26  3.236e-08
31  3.555e-05
25  3.859e-05
1  2.955e-03
730
31  1.708e-08
25  2.275e-08
5  5.793e-05
4  7.417e-05
17  2.436e-04
16  1.613e-04
30  4.111e-05
29  1.189e-04
14  9.471e-05
2  4.206e-05
15  1.025e-04
13  7.238e-05
12  9.437e-05
3  3.585e-05
1  4.969e-03
740
5  8.731e-08
4  7.859e-08
17  2.569e-07
16  1.770e-07
30  7.248e-08
29  1.138e-07
14  1.205e-07
2  6.683e-08
15  1.009e-07
13  1.218e-07
12  9.358e-08
3  4.640e-08
8  1.061e-04
35  4.081e-05
20  2.437e-04
34  5.113e-05
7  3.472e-05
18  1.114e-04
19  8.814e-05
10  2.434e-05
23  2.058e-05
36  3.346e-05
9  2.496e-05
6  7.635e-05
1  4.278e-03
750
8  6.823e-08
35  7.730e-08
20  2.146e-07
34  3.242e-08
7  2.229e-08
18  5.225e-08
19  8.346e-08
10  2.843e-08
23  4.231e-08
36  3.729e-08
9  3.458e-08
6  7.823e-08
21  1.003e-04
22  8.028e-05
11  3.511e-05
24  3.524e-05
1  3.017e-03
760
21  9.601e-08
22  1.051e-07
11  3.202e-08
24  3.778e-08
1  2.872e-03
770
1  2.840e-03
780
1  2.326e-03
790
1  3.527e-03
800
1  2.988e-03
810
1  3.156e-03
820
1  2.780e-03
830
1  2.837e-03
840
1  3.188e-03
850
1  2.935e-03
860
1  3.271e-03
870
1  3.047e-03
880
1  2.988e-03
890
31  1.638e-05
25  2.651e-05
1  3.323e-03
900
31  1.759e-08
25  2.285e-08
26  1.074e-05
32  1.693e-05
1  2.847e-03
910
26  3.279e-08
32  2.549e-08
27  1.698e-05
33  1.903e-05
1  2.635e-03
920
27  2.384e-08
33  3.525e-08
28  1.009e-05
37  9.771e-06
1  2.962e-03
930
28  2.703e-08
37  2.296e-08
1  2.574e-03
940
33  1.629e-05
27  1.904e-05
1  2.835e-03
950
33  3.475e-08
27  2.435e-08
32  1.901e-05
26  5.076e-05
1  2.829e-03
960
32  2.635e-08
26  3.215e-08
31  2.383e-05
25  3.433e-05
1  2.966e-03
970
31  1.779e-08
25  2.259e-08
5  7.807e-05
4  6.279e-05
17  2.737e-04
30  1.016e-04
16  1.641e-04
29  2.360e-04
14  1.547e-04
2  4.206e-05
15  8.055e-05
13  9.261e-05
3  3.796e-05
12  8.667e-05
1  4.976e-03
980
5  8.223e-08
4  7.816e-08
17  2.564e-07
30  7.396e-08
16  1.773e-07
29  1.152e-07
14  1.217e-07
2  6.717e-08
15  1.018e-07
13  1.216e-07
3  4.655e-08
12  9.353e-08
8  6.798e-05
35  9.909e-05
20  2.891e-04
34  2.851e-05
7  2.353e-05
18  5.370e-05
23  4.272e-05
10  3.273e-05
36  3.698e-05
9  4.076e-05
19  1.634e-04
6  1.013e-04
1  4.458e-03
990
8  7.018e-08
35  7.661e-08
20  2.118e-07
34  3.179e-08
7  2.172e-08
18  5.170e-08
23  3.879e-08
10  2.672e-08
36  3.798e-08
9  3.305e-08
19  8.379e-08
6  8.155e-08
21  6.736e-05
22  9.795e-05
11  1.071e-05
24  2.485e-05
1  2.938e-03
1000
21  9.496e-08
22  1.024e-07
11  3.199e-08
24  3.821e-08
1  2.818e-03
1010
1  2.767e-03
1020
1  2.326e-03
1030
1  3.356e-03
1040
1  2.855e-03
1050
1  3.364e-03
1060
1  2.837e-03
1070
1  2.822e-03
1080
1  3.132e-03
1090
1  3.199e-03
1100
1  2.713e-03
1110
1  3.191e-03
1120
1  2.855e-03
1130
31  1.603e-05
25  1.786e-05
1  3.360e-03
1140
31  1.790e-08
25  2.307e-08
26  2.724e-06
32  2.206e-05
1  2.805e-03
1150
26  3.203e-08
32  2.575e-08
27  1.689e-05
33  1.654e-05
1  2.726e-03
1160
27  2.302e-08
33  3.441e-08
28  9.689e-06
37  1.255e-05
1  2.854e-03
1170
37  3.358e-05
28  8.675e-06
1  2.676e-03
1180
37  2.254e-08
28  2.691e-08
33  8.935e-06
27  1.331e-05
1  2.704e-03
1190
33  3.399e-08
27  2.344e-08
32  1.780e-05
26  2.227e-05
1  2.674e-03
1200
32  2.631e-08
26  3.137e-08
31  2.581e-05
25  4.047e-05
1  3.014e-03
1210
31  1.754e-08
25  2.243e-08
17  1.758e-04
5  4.139e-05
4  1.618e-04
16  1.851e-04
14  7.377e-05
30  1.284e-04
29  7.373e-05
2  4.047e-05
15  1.113e-04
13  6.786e-05
3  1.025e-05
12  1.792e-04
1  4.515e-03
1220
17  2.594e-07
5  8.691e-08
4  7.927e-08
16  1.714e-07
14  1.209e-07
30  7.293e-08
29  1.181e-07
2  6.826e-08
15  1.031e-07
13  1.221e-07
3  4.666e-08
12  9.189e-08
35  9.558e-05
8  7.642e-05
20  3.182e-04
23  1.830e-05
10  6.709e-06
34  6.764e-05
7  2.487e-05
18  8.360e-05
19  5.551e-05
36  7.033e-05
9  1.867e-05
6  1.774e-04
1  4.389e-03
1230
35  7.822e-08
8  7.724e-08
20  2.242e-07
23  3.907e-08
10  2.700e-08
34  3.092e-08
7  2.197e-08
18  5.711e-08
19  8.378e-08
36  3.759e-08
9  3.467e-08
6  8.442e-08
21  6.844e-05
22  1.906e-04
11  2.665e-05
24  1.846e-05
1  3.199e-03
1240
21  9.463e-08
22  9.376e-08
11  3.177e-08
24  3.743e-08
1  2.924e-03
1250
1  2.836e-03
1260
1  2.327e-03
1270
1  3.510e-03
1280
1  2.806e-03
1290
1  2.807e-03
1300
1  3.278e-03
1310
1  3.251e-03
1320
1  3.216e-03
1330
1  3.307e-03
1340
1  3.191e-03
1350
1  2.883e-03
1360
1  2.806e-03
1370
25  1.796e-05
31  1.628e-05
1  3.206e-03
1380
25  2.257e-08
31  1.728e-08
26  2.213e-05
32  2.660e-05
1  2.859e-03
1390
26  3.132e-08
32  2.632e-08
27  2.313e-05
33  2.344e-05
1  2.798e-03
1400
27  2.394e-08
33  3.357e-08
28  2.491e-05
37  1.679e-05
1  3.038e-03
1410
37  4.378e-06
28  1.616e-05
1  2.633e-03
1420
37  2.303e-08
28  2.735e-08
33  4.330e-05
27  1.644e-05
1  2.798e-03
1430
33  3.617e-08
27  2.313e-08
32  1.624e-05
26  3.928e-05
1  2.669e-03
1440
32  2.596e-08
26  3.297e-08
31  1.364e-05
25  5.102e-05
1  2.824e-03
1450
31  1.771e-08
25  2.298e-08
30  6.338e-05
5  1.320e-04
16  3.000e-04
4  2.140e-04
17  6.538e-04
29  2.357e-04
15  1.654e-04
14  2.325e-04
2  1.166e-04
13  2.685e-04
12  1.237e-04
3  7.221e-05
1  6.726e-03
1460
30  7.385e-08
5  8.625e-08
16  1.822e-07
4  7.305e-08
17  2.318e-07
29  1.163e-07
15  9.472e-08
14  1.244e-07
2  5.992e-08
13  1.092e-07
12  9.380e-08
3  4.821e-08
20  2.064e-04
8  9.078e-05
35  8.793e-05
34  2.268e-05
7  2.385e-05
19  7.195e-05
18  9.944e-05
10  4.980e-05
23  7.029e-05
36  2.545e-05
9  3.805e-05
6  9.387e-05
1  4.412e-03
1470
20  2.269e-07
8  7.661e-08
35  8.166e-08
34  3.033e-08
7  2.202e-08
19  8.397e-08
18  4.898e-08
10  2.758e-08
23  4.227e-08
36  3.453e-08
9  3.439e-08
6  7.986e-08
21  1.230e-04
24  3.551e-05
11  4.930e-05
1  3.139e-03
1480
21  1.019e-07
24  3.768e-08
11  2.845e-08
1  2.873e-03
1490
1  2.803e-03
1500
1  2.326e-03
1510
1  3.503e-03
1520
1  3.128e-03
1530
1  3.139e-03
1540
1  2.592e-03
1550
1  2.684e-03
1560
1  3.329e-03
1570
1  2.796e-03
1580
1  2.928e-03
1590
1  3.253e-03
1600
1  3.128e-03
1610
31  1.158e-05
25  3.651e-05
1  3.211e-03
1620
31  1.801e-08
25  2.296e-08
26  1.821e-05
32  2.171e-05
1  2.874e-03
1630
26  3.334e-08
32  2.660e-08
27  2.529e-05
33  3.516e-05
1  2.793e-03
1640
27  2.333e-08
33  3.544e-08
28  3.938e-05
37  2.382e-05
1  3.037e-03
1650
37  1.375e-05
28  2.466e-05
1  2.756e-03
1660
37  2.326e-08
28  2.729e-08
1  2.596e-03
1670
32  2.721e-05
26  4.186e-05
1  2.847e-03
1680
32  2.563e-08
26  3.249e-08
31  6.838e-06
25  5.272e-05
1  2.968e-03
1690
31  1.817e-08
25  2.258e-08
17  4.631e-04
5  1.516e-04
4  1.986e-04
16  4.048e-04
30  6.106e-05
29  2.129e-04
15  1.104e-04
14  2.546e-04
2  9.082e-05
13  1.121e-04
12  1.584e-04
3  6.658e-05
1  6.483e-03
1700
17  2.546e-07
5  8.571e-08
4  7.852e-08
16  1.738e-07
30  6.899e-08
29  1.184e-07
15  1.047e-07
14  1.203e-07
2  6.750e-08
13  1.198e-07
12  9.189e-08
3  4.761e-08
8  7.888e-05
35  1.137e-04
20  3.710e-04
34  2.747e-05
7  1.477e-05
18  3.329e-05
10  1.568e-05
23  8.296e-05
36  4.269e-05
9  4.422e-05
19  1.779e-04
6  1.702e-04
1  4.781e-03
1710
8  7.331e-08
35  8.071e-08
20  2.109e-07
34  3.159e-08
7  2.207e-08
18  5.287e-08
10  2.804e-08
23  3.750e-08
36  3.689e-08
9  3.482e-08
19  8.231e-08
6  7.785e-08
21  1.992e-04
22  1.127e-04
11  4.810e-05
24  5.967e-05
1  3.459e-03
1720
21  9.083e-08
22  1.045e-07
11  2.979e-08
24  3.485e-08
1  2.979e-03
1730
1  2.862e-03
1740
1  2.326e-03
1750
1  3.591e-03
1760
1  3.046e-03
1770
1  3.232e-03
1780
1  2.924e-03
1790
1  3.153e-03
1800
1  2.678e-03
1810
1  2.917e-03
1820
1  3.120e-03
1830
1  2.976e-03
1840
1  3.046e-03
1850
31  2.010e-05
25  1.979e-05
1  3.337e-03
1860
31  1.790e-08
25  2.307e-08
26  2.080e-05
32  2.107e-05
1  2.894e-03
1870
26  3.252e-08
32  2.447e-08
27  1.813e-05
33  2.755e-05
1  2.824e-03
1880
27  2.410e-08
33  3.555e-08
1  2.787e-03
1890
37  4.173e-05
28  2.138e-05
1  2.733e-03
1900
37  2.229e-08
28  2.693e-08
1  2.762e-03
1910
32  1.570e-05
26  4.153e-05
1  2.685e-03
1920
32  2.632e-08
26  3.132e-08
31  2.508e-05
25  2.733e-05
1  3.020e-03
1930
31  1.691e-08
25  2.334e-08
17  1.741e-04
5  6.712e-05
16  7.678e-05
4  1.133e-04
30  7.208e-05
29  1.854e-04
14  1.607e-04
15  1.141e-04
2  2.265e-05
13  5.820e-05
12  1.228e-04
3  3.380e-05
1  4.875e-03
1940
17  2.595e-07
5  8.796e-08
16  1.722e-07
4  8.486e-08
30  7.343e-08
29  1.173e-07
14  1.192e-07
15  1.009e-07
2  6.843e-08
13  1.221e-07
12  9.325e-08
3  4.793e-08
8  5.107e-05
20  1.789e-04
35  5.168e-05
34  2.541e-05
7  3.453e-05
6  2.615e-05
19  5.647e-05
23  1.962e-05
10  4.200e-05
36  5.076e-05
9  3.446e-05
1  3.839e-03
1950
8  7.153e-08
20  2.128e-07
35  7.869e-08
34  2.980e-08
7  2.184e-08
6  7.729e-08
19  8.263e-08
23  4.211e-08
10  2.825e-08
36  3.763e-08
9  3.323e-08
21  9.369e-05
22  6.596e-05
11  1.317e-05
24  4.753e-05
1  2.973e-03
1960
21  8.911e-08
22  1.046e-07
11  3.149e-08
24  3.718e-08
1  2.780e-03
1970
1  2.759e-03
1980
1  2.327e-03
1990
1  3.444e-03
2000
1  3.047e-03
2010
1  3.175e-03
2020
1  3.015e-03
2030
1  3.243e-03
2040
1  2.818e-03
2050
1  2.786e-03
2060
1  2.725e-03
2070
1  3.043e-03
2080
1  3.047e-03
2090
25  2.402e-05
31  1.672e-05
1  3.323e-03
2100
25  2.349e-08
31  1.766e-08
26  1.991e-05
32  2.318e-05
1  2.791e-03
2110
26  3.243e-08
32  2.611e-08
27  2.106e-05
33  2.769e-05
1  2.624e-03
2120
27  2.456e-08
33  3.524e-08
1  5.780e-06
2130
30  0.000e+00
4  0.000e+00
35  0.000e+00
5  0.000e+00
17  0.000e+00
16  0.000e+00
29  0.000e+00
20  0.000e+00
11  0.000e+00
8  0.000e+00
37  0.000e+00
36  0.000e+00
34  0.000e+00
33  0.000e+00
32  0.000e+00
31  0.000e+00
28  0.000e+00
27  0.000e+00
26  0.000e+00
25  0.000e+00
24  0.000e+00
23  0.000e+00
22  0.000e+00
21  0.000e+00
19  0.000e+00
18  0.000e+00
15  0.000e+00
14  0.000e+00
13  0.000e+00
12  0.000e+00
10  0.000e+00
9  0.000e+00
7  0.000e+00
6  0.000e+00
3  0.000e+00
2  0.000e+00
1  0.000e+00
; file closed at 2130ns
; trailer 819505344
